{
  "RSpec": {
    "coverage": {
      "C:/Users/Koulujuttuja/Documents/GithubRepositories/ratebeer/app/models/rating.rb": [
        1,
        1,
        1,
        null,
        1,
        null,
        1,
        null,
        null,
        null,
        1,
        2,
        null,
        null
      ],
      "C:/Users/Koulujuttuja/Documents/GithubRepositories/ratebeer/app/models/brewery.rb": [
        1,
        null,
        1,
        null,
        1,
        1,
        null,
        1,
        null,
        1,
        1,
        null,
        1,
        8,
        null,
        null,
        1,
        51,
        0,
        null,
        null,
        null,
        null
      ],
      "C:/Users/Koulujuttuja/Documents/GithubRepositories/ratebeer/app/models/concerns/rating_average.rb": [
        1,
        1,
        null,
        1,
        7,
        null,
        null
      ],
      "C:/Users/Koulujuttuja/Documents/GithubRepositories/ratebeer/app/models/beer.rb": [
        1,
        null,
        1,
        null,
        1,
        1,
        null,
        1,
        1,
        1,
        null,
        null,
        null,
        1,
        7,
        null,
        null
      ],
      "C:/Users/Koulujuttuja/Documents/GithubRepositories/ratebeer/app/helpers/application_helper.rb": [
        1,
        null
      ],
      "C:/Users/Koulujuttuja/Documents/GithubRepositories/ratebeer/app/helpers/beer_clubs_helper.rb": [
        1,
        null
      ],
      "C:/Users/Koulujuttuja/Documents/GithubRepositories/ratebeer/app/helpers/beers_helper.rb": [
        1,
        null
      ],
      "C:/Users/Koulujuttuja/Documents/GithubRepositories/ratebeer/app/helpers/breweries_helper.rb": [
        1,
        null
      ],
      "C:/Users/Koulujuttuja/Documents/GithubRepositories/ratebeer/app/helpers/memberships_helper.rb": [
        1,
        null
      ],
      "C:/Users/Koulujuttuja/Documents/GithubRepositories/ratebeer/app/helpers/users_helper.rb": [
        1,
        null
      ],
      "C:/Users/Koulujuttuja/Documents/GithubRepositories/ratebeer/app/models/user.rb": [
        1,
        1,
        null,
        1,
        null,
        1,
        null,
        1,
        null,
        1,
        null,
        1,
        1,
        1,
        1,
        8,
        null,
        1,
        8,
        7,
        null,
        null,
        1,
        9,
        8,
        8,
        17,
        12,
        12,
        null,
        17,
        17,
        null,
        8,
        8,
        null,
        null,
        1,
        8,
        7,
        7,
        9,
        9,
        9,
        null,
        9,
        9,
        null,
        7,
        7,
        7,
        null,
        null,
        1,
        null,
        1,
        14,
        null,
        null,
        1,
        36,
        null,
        null,
        1,
        15,
        15,
        21,
        null,
        15,
        null,
        null,
        1,
        21,
        null,
        null,
        1,
        12,
        12,
        null,
        null,
        1,
        12,
        null,
        null,
        1,
        12,
        null,
        null,
        1,
        9,
        9,
        null,
        null,
        1,
        9,
        null,
        null,
        1,
        9,
        null,
        null,
        null
      ],
      "C:/Users/Koulujuttuja/Documents/GithubRepositories/ratebeer/app/controllers/sessions_controller.rb": [
        1,
        null,
        1,
        null,
        null,
        1,
        8,
        null,
        8,
        7,
        7,
        null,
        1,
        null,
        null,
        null,
        1,
        0,
        0,
        null,
        null
      ],
      "C:/Users/Koulujuttuja/Documents/GithubRepositories/ratebeer/app/controllers/application_controller.rb": [
        1,
        null,
        null,
        1,
        null,
        null,
        1,
        null,
        1,
        109,
        73,
        null,
        null,
        1,
        4,
        null,
        null
      ],
      "C:/Users/Koulujuttuja/Documents/GithubRepositories/ratebeer/app/controllers/users_controller.rb": [
        1,
        1,
        null,
        null,
        null,
        1,
        0,
        null,
        null,
        null,
        null,
        1,
        18,
        null,
        null,
        null,
        1,
        1,
        null,
        null,
        null,
        1,
        null,
        null,
        null,
        null,
        1,
        1,
        null,
        1,
        1,
        2,
        1,
        null,
        0,
        0,
        null,
        null,
        null,
        null,
        null,
        null,
        1,
        0,
        0,
        0,
        0,
        null,
        0,
        0,
        null,
        null,
        null,
        null,
        null,
        null,
        1,
        0,
        0,
        0,
        0,
        null,
        null,
        null,
        1,
        null,
        1,
        18,
        null,
        null,
        null,
        1,
        1,
        null,
        null
      ],
      "C:/Users/Koulujuttuja/Documents/GithubRepositories/ratebeer/app/models/membership.rb": [
        1,
        1,
        1,
        null,
        1,
        1,
        null,
        1,
        0,
        0,
        null,
        null,
        null
      ],
      "C:/Users/Koulujuttuja/Documents/GithubRepositories/ratebeer/app/models/beer_club.rb": [
        1,
        1,
        1,
        null
      ],
      "C:/Users/Koulujuttuja/Documents/GithubRepositories/ratebeer/app/controllers/beers_controller.rb": [
        1,
        1,
        1,
        1,
        null,
        null,
        null,
        1,
        1,
        null,
        null,
        null,
        null,
        1,
        null,
        null,
        null,
        1,
        2,
        null,
        null,
        null,
        1,
        null,
        null,
        null,
        null,
        1,
        2,
        2,
        2,
        2,
        1,
        null,
        1,
        2,
        1,
        null,
        null,
        null,
        null,
        null,
        null,
        1,
        0,
        0,
        0,
        0,
        null,
        0,
        0,
        null,
        null,
        null,
        null,
        null,
        null,
        1,
        0,
        0,
        0,
        0,
        null,
        null,
        null,
        1,
        null,
        1,
        0,
        null,
        null,
        null,
        1,
        2,
        null,
        null,
        1,
        3,
        3,
        null,
        null
      ],
      "C:/Users/Koulujuttuja/Documents/GithubRepositories/ratebeer/app/controllers/breweries_controller.rb": [
        1,
        1,
        1,
        null,
        null,
        null,
        1,
        3,
        null,
        null,
        null,
        null,
        1,
        null,
        null,
        null,
        1,
        0,
        null,
        null,
        null,
        1,
        null,
        null,
        null,
        null,
        1,
        0,
        null,
        0,
        0,
        0,
        0,
        null,
        0,
        0,
        null,
        null,
        null,
        null,
        null,
        null,
        1,
        0,
        0,
        0,
        0,
        null,
        0,
        0,
        null,
        null,
        null,
        null,
        null,
        null,
        1,
        0,
        0,
        0,
        0,
        null,
        null,
        null,
        1,
        null,
        1,
        1,
        null,
        null,
        null,
        1,
        0,
        null,
        null
      ],
      "C:/Users/Koulujuttuja/Documents/GithubRepositories/ratebeer/app/controllers/ratings_controller.rb": [
        1,
        1,
        3,
        null,
        null,
        1,
        1,
        1,
        null,
        null,
        1,
        1,
        null,
        1,
        0,
        1,
        1,
        1,
        null,
        0,
        0,
        null,
        null,
        null,
        1,
        1,
        1,
        1,
        null,
        null
      ],
      "C:/Users/Koulujuttuja/Documents/GithubRepositories/ratebeer/app/controllers/beer_clubs_controller.rb": [
        0,
        0,
        0,
        0,
        0,
        0,
        0,
        0,
        0,
        0,
        0,
        0,
        0,
        0,
        0,
        0,
        0,
        0,
        0,
        0,
        0,
        0,
        0,
        0,
        0,
        0,
        0,
        0,
        0,
        0,
        0,
        0,
        0,
        0,
        0,
        0,
        0,
        0,
        0,
        0,
        0,
        0,
        0,
        0,
        0,
        0,
        0,
        0,
        0,
        0,
        0,
        0,
        0,
        0,
        0,
        0,
        0,
        0,
        0,
        0,
        0,
        0,
        0,
        0,
        0,
        0,
        0,
        0,
        0,
        0,
        0,
        0,
        0,
        0,
        0
      ],
      "C:/Users/Koulujuttuja/Documents/GithubRepositories/ratebeer/app/controllers/memberships_controller.rb": [
        0,
        0,
        0,
        0,
        0,
        0,
        0,
        0,
        0,
        0,
        0,
        0,
        0,
        0,
        0,
        0,
        0,
        0,
        0,
        0,
        0,
        0,
        0,
        0,
        0,
        0,
        0,
        0,
        0,
        0,
        0,
        0,
        0,
        0,
        0,
        0,
        0,
        0,
        0,
        0,
        0,
        0,
        0,
        0,
        0,
        0,
        0,
        0,
        0,
        0,
        0,
        0,
        0,
        0,
        0,
        0,
        0,
        0,
        0,
        0,
        0,
        0,
        0,
        0,
        0,
        0,
        0,
        0,
        0,
        0,
        0,
        0,
        0,
        0,
        0,
        0,
        0
      ]
    },
    "timestamp": 1455486165
  }
}
